{"/Users/yagneshmodh/Documents/deloitte_react/src/component/ratting/index.tsx": {"path":"/Users/yagneshmodh/Documents/deloitte_react/src/component/ratting/index.tsx","statementMap":{"0":{"start":{"line":11,"column":16},"end":{"line":42,"column":1}},"1":{"start":{"line":12,"column":2},"end":{"line":41,"column":4}},"2":{"start":{"line":18,"column":12},"end":{"line":26,"column":14}}},"fnMap":{"0":{"name":"(anonymous_0)","decl":{"start":{"line":11,"column":16},"end":{"line":11,"column":17}},"loc":{"start":{"line":11,"column":64},"end":{"line":42,"column":1}},"line":11},"1":{"name":"(anonymous_1)","decl":{"start":{"line":17,"column":31},"end":{"line":17,"column":32}},"loc":{"start":{"line":18,"column":12},"end":{"line":26,"column":14}},"line":18}},"branchMap":{"0":{"loc":{"start":{"line":30,"column":9},"end":{"line":38,"column":9}},"type":"binary-expr","locations":[{"start":{"line":30,"column":9},"end":{"line":30,"column":27}},{"start":{"line":31,"column":10},"end":{"line":37,"column":14}}],"line":30}},"s":{"0":1,"1":4,"2":20},"f":{"0":4,"1":20},"b":{"0":[4,1]},"_coverageSchema":"1a1c01bbd47fc00a2c39e90264f33305004495a9","hash":"b243872d730df5d2c404c942690d67207f8d795f"}
}
